app/build/intermediates/manifest_merge_blame_file/debug/processDebugMainManifest/manifest-merger-blame-debug-report.txt
1<?xml version="1.0" encoding="utf-8"?>
2<manifest xmlns:android="http://schemas.android.com/apk/res/android"
3    package="com.samsung.android.OpenTeleScopeVR"
4    android:installLocation="auto"
5    android:versionCode="6"
6    android:versionName="0.4.6.oc.1.56.2" >
7
8    <uses-sdk
9        android:minSdkVersion="23"
10        android:targetSdkVersion="36" />
11
12    <!-- Restrict to phone form-factor displays (excludes 7"+ and 10"+ tablets) -->
13    <supports-screens
13-->src/main/AndroidManifest.xml:10:5-15:37
14        android:anyDensity="true"
14-->src/main/AndroidManifest.xml:15:9-34
15        android:largeScreens="false"
15-->src/main/AndroidManifest.xml:13:9-37
16        android:normalScreens="true"
16-->src/main/AndroidManifest.xml:12:9-37
17        android:smallScreens="true"
17-->src/main/AndroidManifest.xml:11:9-36
18        android:xlargeScreens="false" />
18-->src/main/AndroidManifest.xml:14:9-38
19
20    <!-- Permissions -->
21    <uses-permission
21-->src/main/AndroidManifest.xml:18:5-21:31
22        android:name="android.permission.BLUETOOTH_SCAN"
22-->src/main/AndroidManifest.xml:19:9-57
23        android:usesPermissionFlags="neverForLocation" />
23-->src/main/AndroidManifest.xml:20:9-55
24    <uses-permission android:name="android.permission.BLUETOOTH_CONNECT" />
24-->src/main/AndroidManifest.xml:22:5-76
24-->src/main/AndroidManifest.xml:22:22-73
25    <uses-permission
25-->src/main/AndroidManifest.xml:23:5-26:40
26        android:name="android.permission.WRITE_EXTERNAL_STORAGE"
26-->src/main/AndroidManifest.xml:24:9-65
27        android:maxSdkVersion="28" />
27-->src/main/AndroidManifest.xml:25:9-35
28    <uses-permission android:name="android.permission.CAMERA" />
28-->src/main/AndroidManifest.xml:27:5-65
28-->src/main/AndroidManifest.xml:27:22-62
29    <uses-permission android:name="android.permission.RECORD_AUDIO" />
29-->src/main/AndroidManifest.xml:28:5-71
29-->src/main/AndroidManifest.xml:28:22-68
30
31    <!-- Hardware requirements strictly matching smartphones -->
32    <uses-feature
32-->src/main/AndroidManifest.xml:31:5-87
33        android:name="android.hardware.telephony"
33-->src/main/AndroidManifest.xml:31:19-60
34        android:required="true" />
34-->src/main/AndroidManifest.xml:31:61-84
35    <uses-feature
35-->src/main/AndroidManifest.xml:32:5-89
36        android:name="android.hardware.touchscreen"
36-->src/main/AndroidManifest.xml:32:19-62
37        android:required="true" />
37-->src/main/AndroidManifest.xml:32:63-86
38    <uses-feature
38-->src/main/AndroidManifest.xml:33:5-84
39        android:name="android.hardware.camera"
39-->src/main/AndroidManifest.xml:33:19-57
40        android:required="true" />
40-->src/main/AndroidManifest.xml:33:58-81
41
42    <!-- Optional peripherals -->
43    <uses-feature
43-->src/main/AndroidManifest.xml:36:5-95
44        android:name="android.hardware.camera.autofocus"
44-->src/main/AndroidManifest.xml:36:19-67
45        android:required="false" />
45-->src/main/AndroidManifest.xml:36:68-92
46    <uses-feature
46-->src/main/AndroidManifest.xml:37:5-89
47        android:name="android.hardware.microphone"
47-->src/main/AndroidManifest.xml:37:19-61
48        android:required="false" />
48-->src/main/AndroidManifest.xml:37:62-86
49    <uses-feature
49-->src/main/AndroidManifest.xml:38:5-91
50        android:name="android.hardware.bluetooth_le"
50-->src/main/AndroidManifest.xml:38:19-63
51        android:required="false" />
51-->src/main/AndroidManifest.xml:38:64-88
52
53    <!-- Queries needed for TTS on Android 11+ -->
54    <queries>
54-->src/main/AndroidManifest.xml:75:5-79:15
55        <intent>
55-->src/main/AndroidManifest.xml:76:9-78:18
56            <action android:name="android.intent.action.TTS_SERVICE" />
56-->src/main/AndroidManifest.xml:77:13-72
56-->src/main/AndroidManifest.xml:77:21-69
57        </intent>
58    </queries>
59
60    <permission
60-->[androidx.core:core:1.13.0] AndroidManifest.xml:22:5-24:47
61        android:name="com.samsung.android.OpenTeleScopeVR.DYNAMIC_RECEIVER_NOT_EXPORTED_PERMISSION"
61-->[androidx.core:core:1.13.0] AndroidManifest.xml:23:9-81
62        android:protectionLevel="signature" />
62-->[androidx.core:core:1.13.0] AndroidManifest.xml:24:9-44
63
64    <uses-permission android:name="com.samsung.android.OpenTeleScopeVR.DYNAMIC_RECEIVER_NOT_EXPORTED_PERMISSION" />
64-->[androidx.core:core:1.13.0] AndroidManifest.xml:26:5-97
64-->[androidx.core:core:1.13.0] AndroidManifest.xml:26:22-94
65
66    <application
66-->src/main/AndroidManifest.xml:40:5-72:19
67        android:name="net.sourceforge.opencamera.OpenCameraApplication"
67-->src/main/AndroidManifest.xml:44:9-46
68        android:allowBackup="true"
68-->src/main/AndroidManifest.xml:41:9-35
69        android:appComponentFactory="androidx.core.app.CoreComponentFactory"
69-->[androidx.core:core:1.13.0] AndroidManifest.xml:28:18-86
70        android:debuggable="true"
71        android:extractNativeLibs="false"
72        android:icon="@mipmap/ic_launcher"
72-->src/main/AndroidManifest.xml:42:9-43
73        android:label="@string/app_name"
73-->src/main/AndroidManifest.xml:43:9-41
74        android:largeHeap="true"
74-->src/main/AndroidManifest.xml:46:9-33
75        android:theme="@style/AppTheme" >
75-->src/main/AndroidManifest.xml:45:9-40
76        <activity
76-->src/main/AndroidManifest.xml:48:9-58:20
77            android:name="net.sourceforge.opencamera.MainActivity"
77-->src/main/AndroidManifest.xml:49:13-67
78            android:clearTaskOnLaunch="true"
78-->src/main/AndroidManifest.xml:51:13-45
79            android:configChanges="orientation|screenSize|keyboardHidden"
79-->src/main/AndroidManifest.xml:50:13-74
80            android:exported="true" >
80-->src/main/AndroidManifest.xml:52:13-36
81            <intent-filter>
81-->src/main/AndroidManifest.xml:53:13-57:29
82                <action android:name="android.intent.action.MAIN" />
82-->src/main/AndroidManifest.xml:54:17-69
82-->src/main/AndroidManifest.xml:54:25-66
83
84                <category android:name="android.intent.category.LAUNCHER" />
84-->src/main/AndroidManifest.xml:55:17-77
84-->src/main/AndroidManifest.xml:55:27-74
85                <category android:name="android.intent.category.DEFAULT" />
85-->src/main/AndroidManifest.xml:56:17-76
85-->src/main/AndroidManifest.xml:56:27-73
86            </intent-filter>
87        </activity>
88        <activity
88-->src/main/AndroidManifest.xml:60:9-64:20
89            android:name="net.sourceforge.opencamera.remotecontrol.DeviceScanner"
89-->src/main/AndroidManifest.xml:61:13-82
90            android:exported="false"
90-->src/main/AndroidManifest.xml:63:13-37
91            android:label="@string/scan_ble" >
91-->src/main/AndroidManifest.xml:62:13-45
92        </activity>
93
94        <service
94-->src/main/AndroidManifest.xml:66:9-70:36
95            android:name="net.sourceforge.opencamera.remotecontrol.BluetoothLeService"
95-->src/main/AndroidManifest.xml:67:13-87
96            android:enabled="true"
96-->src/main/AndroidManifest.xml:68:13-35
97            android:exported="false" />
97-->src/main/AndroidManifest.xml:69:13-37
98
99        <provider
99-->[androidx.emoji2:emoji2:1.3.0] AndroidManifest.xml:24:9-32:20
100            android:name="androidx.startup.InitializationProvider"
100-->[androidx.emoji2:emoji2:1.3.0] AndroidManifest.xml:25:13-67
101            android:authorities="com.samsung.android.OpenTeleScopeVR.androidx-startup"
101-->[androidx.emoji2:emoji2:1.3.0] AndroidManifest.xml:26:13-68
102            android:exported="false" >
102-->[androidx.emoji2:emoji2:1.3.0] AndroidManifest.xml:27:13-37
103            <meta-data
103-->[androidx.emoji2:emoji2:1.3.0] AndroidManifest.xml:29:13-31:52
104                android:name="androidx.emoji2.text.EmojiCompatInitializer"
104-->[androidx.emoji2:emoji2:1.3.0] AndroidManifest.xml:30:17-75
105                android:value="androidx.startup" />
105-->[androidx.emoji2:emoji2:1.3.0] AndroidManifest.xml:31:17-49
106            <meta-data
106-->[androidx.lifecycle:lifecycle-process:2.6.2] AndroidManifest.xml:29:13-31:52
107                android:name="androidx.lifecycle.ProcessLifecycleInitializer"
107-->[androidx.lifecycle:lifecycle-process:2.6.2] AndroidManifest.xml:30:17-78
108                android:value="androidx.startup" />
108-->[androidx.lifecycle:lifecycle-process:2.6.2] AndroidManifest.xml:31:17-49
109            <meta-data
109-->[androidx.profileinstaller:profileinstaller:1.3.1] AndroidManifest.xml:29:13-31:52
110                android:name="androidx.profileinstaller.ProfileInstallerInitializer"
110-->[androidx.profileinstaller:profileinstaller:1.3.1] AndroidManifest.xml:30:17-85
111                android:value="androidx.startup" />
111-->[androidx.profileinstaller:profileinstaller:1.3.1] AndroidManifest.xml:31:17-49
112        </provider>
113
114        <receiver
114-->[androidx.profileinstaller:profileinstaller:1.3.1] AndroidManifest.xml:34:9-52:20
115            android:name="androidx.profileinstaller.ProfileInstallReceiver"
115-->[androidx.profileinstaller:profileinstaller:1.3.1] AndroidManifest.xml:35:13-76
116            android:directBootAware="false"
116-->[androidx.profileinstaller:profileinstaller:1.3.1] AndroidManifest.xml:36:13-44
117            android:enabled="true"
117-->[androidx.profileinstaller:profileinstaller:1.3.1] AndroidManifest.xml:37:13-35
118            android:exported="true"
118-->[androidx.profileinstaller:profileinstaller:1.3.1] AndroidManifest.xml:38:13-36
119            android:permission="android.permission.DUMP" >
119-->[androidx.profileinstaller:profileinstaller:1.3.1] AndroidManifest.xml:39:13-57
120            <intent-filter>
120-->[androidx.profileinstaller:profileinstaller:1.3.1] AndroidManifest.xml:40:13-42:29
121                <action android:name="androidx.profileinstaller.action.INSTALL_PROFILE" />
121-->[androidx.profileinstaller:profileinstaller:1.3.1] AndroidManifest.xml:41:17-91
121-->[androidx.profileinstaller:profileinstaller:1.3.1] AndroidManifest.xml:41:25-88
122            </intent-filter>
123            <intent-filter>
123-->[androidx.profileinstaller:profileinstaller:1.3.1] AndroidManifest.xml:43:13-45:29
124                <action android:name="androidx.profileinstaller.action.SKIP_FILE" />
124-->[androidx.profileinstaller:profileinstaller:1.3.1] AndroidManifest.xml:44:17-85
124-->[androidx.profileinstaller:profileinstaller:1.3.1] AndroidManifest.xml:44:25-82
125            </intent-filter>
126            <intent-filter>
126-->[androidx.profileinstaller:profileinstaller:1.3.1] AndroidManifest.xml:46:13-48:29
127                <action android:name="androidx.profileinstaller.action.SAVE_PROFILE" />
127-->[androidx.profileinstaller:profileinstaller:1.3.1] AndroidManifest.xml:47:17-88
127-->[androidx.profileinstaller:profileinstaller:1.3.1] AndroidManifest.xml:47:25-85
128            </intent-filter>
129            <intent-filter>
129-->[androidx.profileinstaller:profileinstaller:1.3.1] AndroidManifest.xml:49:13-51:29
130                <action android:name="androidx.profileinstaller.action.BENCHMARK_OPERATION" />
130-->[androidx.profileinstaller:profileinstaller:1.3.1] AndroidManifest.xml:50:17-95
130-->[androidx.profileinstaller:profileinstaller:1.3.1] AndroidManifest.xml:50:25-92
131            </intent-filter>
132        </receiver>
133    </application>
134
135</manifest>